<?xml version="1.0" encoding="UTF-8"?>
<robot generator="Robot 5.0 (Python 3.9.5 on win32)" generated="20220505 16:55:18.737" rpa="false" schemaversion="3">
<suite id="s1" name="Demo3 Suite" source="C:\Users\Rohit\PycharmProjects\pythonProject $\selenium\demo3_suite.robot">
<test id="s1-t1" name="TC1" line="6">
<kw name="Append To Environment Variable" library="OperatingSystem">
<arg>path</arg>
<arg>C:\\DRIVERS</arg>
<doc>Appends given ``values`` to environment variable ``name``.</doc>
<msg timestamp="20220505 16:55:19.033" level="INFO">Environment variable 'path' set to value 'C:\Users\Rohit\PycharmProjects\pythonProject $\venv\Scripts;C:\WINDOWS\system32;C:\WINDOWS;C:\WINDOWS\System32\Wbem;C:\WINDOWS\System32\WindowsPowerShell\v1.0\;C:\WINDOWS\System32\OpenSSH\;C:\Program Files\Git\cmd;C;C:\Program Files\dotnet\;C:\Users\Rohit\AppData\Local\Programs\Python\Python39\Scripts\;C:\Users\Rohit\AppData\Local\Programs\Python\Python39\;C:\Users\Rohit\AppData\Local\Microsoft\WindowsApps;C:\Users\Rohit\.dotnet\tools;C:\Users\Rohit\AppData\Local\GitHubDesktop\bin;C:\DRIVERS'.</msg>
<status status="PASS" starttime="20220505 16:55:19.032" endtime="20220505 16:55:19.033"/>
</kw>
<kw name="Open Browser" library="SeleniumLibrary">
<arg>url=https://www.goto.com/meeting</arg>
<arg>browser=chrome</arg>
<doc>Opens a new browser instance to the optional ``url``.</doc>
<msg timestamp="20220505 16:55:19.034" level="INFO">Opening browser 'chrome' to base url 'https://www.goto.com/meeting'.</msg>
<status status="PASS" starttime="20220505 16:55:19.033" endtime="20220505 16:55:38.993"/>
</kw>
<kw name="Maximize Browser Window" library="SeleniumLibrary">
<doc>Maximizes current browser window.</doc>
<status status="PASS" starttime="20220505 16:55:38.994" endtime="20220505 16:55:39.174"/>
</kw>
<kw name="Set Selenium Implicit Wait" library="SeleniumLibrary">
<arg>30s</arg>
<doc>Sets the implicit wait value used by Selenium.</doc>
<status status="PASS" starttime="20220505 16:55:39.175" endtime="20220505 16:55:39.184"/>
</kw>
<kw name="Click Element" library="SeleniumLibrary">
<arg>link=Create New Account</arg>
<doc>Click the element identified by ``locator``.</doc>
<msg timestamp="20220505 16:55:39.187" level="INFO">Clicking element 'link=Create New Account'.</msg>
<msg timestamp="20220505 16:56:09.397" level="INFO" html="true">&lt;/td&gt;&lt;/tr&gt;&lt;tr&gt;&lt;td colspan="3"&gt;&lt;a href="selenium-screenshot-11.png"&gt;&lt;img src="selenium-screenshot-11.png" width="800px"&gt;&lt;/a&gt;</msg>
<msg timestamp="20220505 16:56:09.398" level="FAIL">Element with locator 'link=Create New Account' not found.</msg>
<status status="FAIL" starttime="20220505 16:55:39.185" endtime="20220505 16:56:09.469"/>
</kw>
<kw name="Input Text" library="SeleniumLibrary">
<arg>name=firstname</arg>
<arg>rohit</arg>
<doc>Types the given ``text`` into the text field identified by ``locator``.</doc>
<status status="NOT RUN" starttime="20220505 16:56:09.470" endtime="20220505 16:56:09.470"/>
</kw>
<kw name="Input Text" library="SeleniumLibrary">
<arg>name=lastname</arg>
<arg>sharma</arg>
<doc>Types the given ``text`` into the text field identified by ``locator``.</doc>
<status status="NOT RUN" starttime="20220505 16:56:09.470" endtime="20220505 16:56:09.470"/>
</kw>
<kw name="Input Password" library="SeleniumLibrary">
<arg>id=password_step_input</arg>
<arg>Sharma123</arg>
<doc>Types the given password into the text field identified by ``locator``.</doc>
<status status="NOT RUN" starttime="20220505 16:56:09.471" endtime="20220505 16:56:09.471"/>
</kw>
<kw name="Input Text" library="SeleniumLibrary">
<arg>name=reg_email__</arg>
<arg>rohit@3987</arg>
<doc>Types the given ``text`` into the text field identified by ``locator``.</doc>
<status status="NOT RUN" starttime="20220505 16:56:09.471" endtime="20220505 16:56:09.471"/>
</kw>
<kw name="Input Text" library="SeleniumLibrary">
<arg>name=reg_email_conformation__</arg>
<arg>rohit@3987</arg>
<doc>Types the given ``text`` into the text field identified by ``locator``.</doc>
<status status="NOT RUN" starttime="20220505 16:56:09.472" endtime="20220505 16:56:09.472"/>
</kw>
<status status="FAIL" starttime="20220505 16:55:19.031" endtime="20220505 16:56:09.473">Element with locator 'link=Create New Account' not found.</status>
</test>
<status status="FAIL" starttime="20220505 16:55:18.740" endtime="20220505 16:56:09.474"/>
</suite>
<statistics>
<total>
<stat pass="0" fail="1" skip="0">All Tests</stat>
</total>
<tag>
</tag>
<suite>
<stat pass="0" fail="1" skip="0" id="s1" name="Demo3 Suite">Demo3 Suite</stat>
</suite>
</statistics>
<errors>
</errors>
</robot>
