<?xml version="1.0" encoding="UTF-8"?>
<robot generator="Robot 5.0 (Python 3.9.5 on win32)" generated="20220505 14:24:42.635" rpa="false" schemaversion="3">
<suite id="s1" name="Demo1 Suite" source="C:\Users\Rohit\PycharmProjects\pythonProject $\selenium\demo1_suite.robot">
<test id="s1-t1" name="TC1" line="6">
<kw name="Append To Environment Variable" library="OperatingSystem">
<arg>Path</arg>
<arg>C:\\DRIVERS</arg>
<doc>Appends given ``values`` to environment variable ``name``.</doc>
<msg timestamp="20220505 14:24:43.318" level="INFO">Environment variable 'Path' set to value 'C:\Users\Rohit\PycharmProjects\pythonProject $\venv\Scripts;C:\WINDOWS\system32;C:\WINDOWS;C:\WINDOWS\System32\Wbem;C:\WINDOWS\System32\WindowsPowerShell\v1.0\;C:\WINDOWS\System32\OpenSSH\;C:\Program Files\Git\cmd;C;C:\Program Files\dotnet\;C:\Users\Rohit\AppData\Local\Programs\Python\Python39\Scripts\;C:\Users\Rohit\AppData\Local\Programs\Python\Python39\;C:\Users\Rohit\AppData\Local\Microsoft\WindowsApps;C:\Users\Rohit\.dotnet\tools;C:\Users\Rohit\AppData\Local\GitHubDesktop\bin;C:\DRIVERS'.</msg>
<status status="PASS" starttime="20220505 14:24:43.318" endtime="20220505 14:24:43.318"/>
</kw>
<kw name="Open Browser" library="SeleniumLibrary">
<arg>url=https://www.facebook.com/</arg>
<arg>browser=chrome</arg>
<doc>Opens a new browser instance to the optional ``url``.</doc>
<msg timestamp="20220505 14:24:43.322" level="INFO">Opening browser 'chrome' to base url 'https://www.facebook.com/'.</msg>
<status status="PASS" starttime="20220505 14:24:43.321" endtime="20220505 14:26:34.270"/>
</kw>
<kw name="Input Text" library="SeleniumLibrary">
<arg>id=emai</arg>
<arg>laxman@gmail.com</arg>
<doc>Types the given ``text`` into the text field identified by ``locator``.</doc>
<msg timestamp="20220505 14:26:34.272" level="INFO">Typing text 'laxman@gmail.com' into text field 'id=emai'.</msg>
<msg timestamp="20220505 14:26:34.506" level="INFO" html="true">&lt;/td&gt;&lt;/tr&gt;&lt;tr&gt;&lt;td colspan="3"&gt;&lt;a href="selenium-screenshot-1.png"&gt;&lt;img src="selenium-screenshot-1.png" width="800px"&gt;&lt;/a&gt;</msg>
<msg timestamp="20220505 14:26:34.509" level="FAIL">Element with locator 'id=emai' not found.</msg>
<status status="FAIL" starttime="20220505 14:26:34.271" endtime="20220505 14:26:34.584"/>
</kw>
<kw name="Input Password" library="SeleniumLibrary">
<arg>locator</arg>
<arg>wees</arg>
<doc>Types the given password into the text field identified by ``locator``.</doc>
<status status="NOT RUN" starttime="20220505 14:26:34.585" endtime="20220505 14:26:34.585"/>
</kw>
<kw name="Click Element" library="SeleniumLibrary">
<arg>name=login</arg>
<doc>Click the element identified by ``locator``.</doc>
<status status="NOT RUN" starttime="20220505 14:26:34.586" endtime="20220505 14:26:34.586"/>
</kw>
<status status="FAIL" starttime="20220505 14:24:43.316" endtime="20220505 14:26:34.588">Element with locator 'id=emai' not found.</status>
</test>
<status status="FAIL" starttime="20220505 14:24:42.641" endtime="20220505 14:26:34.591"/>
</suite>
<statistics>
<total>
<stat pass="0" fail="1" skip="0">All Tests</stat>
</total>
<tag>
</tag>
<suite>
<stat pass="0" fail="1" skip="0" id="s1" name="Demo1 Suite">Demo1 Suite</stat>
</suite>
</statistics>
<errors>
</errors>
</robot>
